<?xml version="1.0" encoding="UTF-8"?>
<!-- Generated by org.testng.reporters.JUnitXMLReporter -->
<testsuite hostname="Shri" name="Command line test" tests="3" failures="0" timestamp="5 Oct 2020 15:17:10 GMT" time="221.815" errors="0">
  <testcase name="anyPageHasResults_Test" time="76.468" classname="Tests.VplTest"/>
  <testcase name="keywordSearchReturnsResults_Test" time="36.147" classname="Tests.VplTest"/>
  <testcase name="nextPageHasResults_Test" time="42.724" classname="Tests.VplTest"/>
</testsuite> <!-- Command line test -->
